<?xml version="1.0" encoding="UTF-8"?>
<!-- Generated by org.testng.reporters.JUnitXMLReporter -->
<testsuite hostname="Jeys-MBP.home" ignored="0" name="HubSpot Functional Test" tests="9" failures="5" timestamp="2020-05-28T21:49:51 EDT" time="19.31" errors="0">
  <testcase name="verifyAssignedLabeldisplayedTest" time="0.601" classname="com.qa.hubspot.tests.HomePageTest">
    <failure type="java.lang.AssertionError" message="Assigned: expected:&amp;lt;Assigned:&amp;gt; but was:&amp;lt;assigned label not matched...&amp;gt;">
      <![CDATA[java.lang.AssertionError: Assigned: expected:<Assigned:> but was:<assigned label not matched...>
at com.qa.hubspot.tests.HomePageTest.verifyAssignedLabeldisplayedTest(HomePageTest.java:81)
at java.util.ArrayList.forEach(ArrayList.java:1257)
... Removed 28 stack frames]]>
    </failure>
  </testcase> <!-- verifyAssignedLabeldisplayedTest -->
  <testcase name="verifyHomePageHeaderTest" time="0.144" classname="com.qa.hubspot.tests.HomePageTest">
    <failure type="java.lang.AssertionError" message="Sales Dashboard expected:&amp;lt;Sales Dashboard&amp;gt; but was:&amp;lt;home page header is not matched....&amp;gt;">
      <![CDATA[java.lang.AssertionError: Sales Dashboard expected:<Sales Dashboard> but was:<home page header is not matched....>
at com.qa.hubspot.tests.HomePageTest.verifyHomePageHeaderTest(HomePageTest.java:60)
at java.util.ArrayList.forEach(ArrayList.java:1257)
... Removed 28 stack frames]]>
    </failure>
  </testcase> <!-- verifyHomePageHeaderTest -->
  <testcase name="verifyLoggedInUserTest" time="0.04" classname="com.qa.hubspot.tests.HomePageTest">
    <failure type="java.lang.AssertionError" message="Hshshshsh expected:&amp;lt;Hshshshsh&amp;gt; but was:&amp;lt;Loggedin user not matched.... &amp;gt;">
      <![CDATA[java.lang.AssertionError: Hshshshsh expected:<Hshshshsh> but was:<Loggedin user not matched.... >
at com.qa.hubspot.tests.HomePageTest.verifyLoggedInUserTest(HomePageTest.java:74)
at java.util.ArrayList.forEach(ArrayList.java:1257)
... Removed 28 stack frames]]>
    </failure>
  </testcase> <!-- verifyLoggedInUserTest -->
  <testcase name="verifyHomePageTitleTest" time="0.005" classname="com.qa.hubspot.tests.HomePageTest">
    <failure type="java.lang.AssertionError" message="Reports dashboard expected:&amp;lt;Reports dashboard&amp;gt; but was:&amp;lt;Home page title is not matched...&amp;gt;">
      <![CDATA[java.lang.AssertionError: Reports dashboard expected:<Reports dashboard> but was:<Home page title is not matched...>
at com.qa.hubspot.tests.HomePageTest.verifyHomePageTitleTest(HomePageTest.java:53)
at java.util.ArrayList.forEach(ArrayList.java:1257)
... Removed 28 stack frames]]>
    </failure>
  </testcase> <!-- verifyHomePageTitleTest -->
  <testcase name="verifyFilterdashboardDisplayedTest" time="0.043" classname="com.qa.hubspot.tests.HomePageTest">
    <failure type="java.lang.AssertionError" message="Filter dashboard expected:&amp;lt;Filter dashboard&amp;gt; but was:&amp;lt;filter dashboard not matched....&amp;gt;">
      <![CDATA[java.lang.AssertionError: Filter dashboard expected:<Filter dashboard> but was:<filter dashboard not matched....>
at com.qa.hubspot.tests.HomePageTest.verifyFilterdashboardDisplayedTest(HomePageTest.java:67)
at java.util.ArrayList.forEach(ArrayList.java:1257)
... Removed 28 stack frames]]>
    </failure>
  </testcase> <!-- verifyFilterdashboardDisplayedTest -->
  <testcase name="verifyAccountdontHaveText" time="4.647" classname="com.qa.hubspot.tests.LoginPageTest"/>
  <testcase name="verifySignUpLink" time="0.025" classname="com.qa.hubspot.tests.LoginPageTest"/>
  <testcase name="verifyLoginPageTest" time="0.005" classname="com.qa.hubspot.tests.LoginPageTest"/>
  <testcase name="verifyLoginTest" time="5.214" classname="com.qa.hubspot.tests.LoginPageTest"/>
</testsuite> <!-- HubSpot Functional Test -->
